<?xml version="1.0" encoding="UTF-8"?>
<Site BuildName="Linux-g++"
	BuildStamp="20230914-1104-Experimental"
	Name="vijay-16033"
	Generator="ctest-3.22.1"
	CompilerName="/usr/bin/g++"
	CompilerVersion="11.4.0"
	OSName="Linux"
	Hostname="vijay-16033"
	OSRelease="6.2.0-32-generic"
	OSVersion="#32~22.04.1-Ubuntu SMP PREEMPT_DYNAMIC Fri Aug 18 10:40:13 UTC 2"
	OSPlatform="x86_64"
	Is64Bits="1"
	VendorString="GenuineIntel"
	VendorID="Intel Corporation"
	FamilyID="6"
	ModelID="141"
	ProcessorCacheSize="24576"
	NumberOfLogicalCPU="16"
	NumberOfPhysicalCPU="8"
	TotalVirtualMemory="16383"
	TotalPhysicalMemory="15708"
	LogicalProcessorsPerPhysical="2"
	ProcessorClockFrequency="2498.24"
	>
	<Testing>
		<StartDateTime>Sep 14 16:34 IST</StartDateTime>
		<StartTestTime>1694689485</StartTestTime>
		<TestList/>
		<EndDateTime>Sep 14 16:34 IST</EndDateTime>
		<EndTestTime>1694689485</EndTestTime>
		<ElapsedMinutes>0</ElapsedMinutes>
	</Testing>
</Site>
