<?xml version="1.0" encoding="UTF-8"?>
<Site BuildName="Linux-g++"
	BuildStamp="20231123-0636-Experimental"
	Name="vijay-16033"
	Generator="ctest-3.22.1"
	CompilerName="/usr/bin/g++"
	CompilerVersion="11.4.0"
	OSName="Linux"
	Hostname="vijay-16033"
	OSRelease="6.2.0-36-generic"
	OSVersion="#37~22.04.1-Ubuntu SMP PREEMPT_DYNAMIC Mon Oct  9 15:34:04 UTC 2"
	OSPlatform="x86_64"
	Is64Bits="1"
	VendorString="GenuineIntel"
	VendorID="Intel Corporation"
	FamilyID="6"
	ModelID="141"
	ProcessorCacheSize="24576"
	NumberOfLogicalCPU="16"
	NumberOfPhysicalCPU="8"
	TotalVirtualMemory="16383"
	TotalPhysicalMemory="15708"
	LogicalProcessorsPerPhysical="2"
	ProcessorClockFrequency="2392.4"
	>
	<Testing>
		<StartDateTime>Nov 23 12:06 IST</StartDateTime>
		<StartTestTime>1700721413</StartTestTime>
		<TestList/>
		<EndDateTime>Nov 23 12:06 IST</EndDateTime>
		<EndTestTime>1700721413</EndTestTime>
		<ElapsedMinutes>0</ElapsedMinutes>
	</Testing>
</Site>
